{"C:\\Users\\Norton\\Desktop\\Projetos\\MARVEL\\snapshotResolver.js": {"path":"C:\\Users\\Norton\\Desktop\\Projetos\\MARVEL\\snapshotResolver.js","statementMap":{"0":{"start":{"line":5,"column":13},"end":{"line":5,"column":28}},"1":{"start":{"line":7,"column":16},"end":{"line":7,"column":45}},"2":{"start":{"line":9,"column":0},"end":{"line":23,"column":2}},"3":{"start":{"line":14,"column":2},"end":{"line":14,"column":72}},"4":{"start":{"line":19,"column":2},"end":{"line":21,"column":40}}},"fnMap":{"0":{"name":"(anonymous_0)","decl":{"start":{"line":13,"column":22},"end":{"line":13,"column":23}},"loc":{"start":{"line":13,"column":55},"end":{"line":15,"column":2}},"line":13},"1":{"name":"(anonymous_1)","decl":{"start":{"line":18,"column":18},"end":{"line":18,"column":19}},"loc":{"start":{"line":18,"column":59},"end":{"line":22,"column":2}},"line":18}},"branchMap":{},"s":{"0":4,"1":4,"2":4,"3":8,"4":4},"f":{"0":8,"1":4},"b":{},"_coverageSchema":"1a1c01bbd47fc00a2c39e90264f33305004495a9","hash":"a3f31aa741bcffa189964ccac591c9dfb4bb2316"}
,"C:\\Users\\Norton\\Desktop\\Projetos\\MARVEL\\src\\components\\characterItem\\index.tsx": {"path":"C:\\Users\\Norton\\Desktop\\Projetos\\MARVEL\\src\\components\\characterItem\\index.tsx","statementMap":{"0":{"start":{"line":14,"column":15},"end":{"line":14,"column":25}},"1":{"start":{"line":15,"column":20},"end":{"line":15,"column":35}},"2":{"start":{"line":18,"column":2},"end":{"line":18,"column":52}},"3":{"start":{"line":21,"column":1},"end":{"line":33,"column":3}}},"fnMap":{"0":{"name":"CharacterItem","decl":{"start":{"line":12,"column":16},"end":{"line":12,"column":29}},"loc":{"start":{"line":12,"column":52},"end":{"line":34,"column":1}},"line":12},"1":{"name":"handleInfoButtonPress","decl":{"start":{"line":17,"column":10},"end":{"line":17,"column":31}},"loc":{"start":{"line":17,"column":34},"end":{"line":19,"column":2}},"line":17}},"branchMap":{},"s":{"0":1,"1":1,"2":0,"3":1},"f":{"0":1,"1":0},"b":{},"_coverageSchema":"1a1c01bbd47fc00a2c39e90264f33305004495a9","hash":"9eb1f3c8b142a27b974fdf7c895a9c3b16c8c022"}
,"C:\\Users\\Norton\\Desktop\\Projetos\\MARVEL\\src\\components\\characterItem\\styles.ts": {"path":"C:\\Users\\Norton\\Desktop\\Projetos\\MARVEL\\src\\components\\characterItem\\styles.ts","statementMap":{"0":{"start":{"line":4,"column":25},"end":{"line":12,"column":1}},"1":{"start":{"line":11,"column":35},"end":{"line":11,"column":72}},"2":{"start":{"line":14,"column":25},"end":{"line":17,"column":1}},"3":{"start":{"line":19,"column":23},"end":{"line":23,"column":1}},"4":{"start":{"line":25,"column":21},"end":{"line":28,"column":1}},"5":{"start":{"line":26,"column":30},"end":{"line":26,"column":46}},"6":{"start":{"line":27,"column":24},"end":{"line":27,"column":41}},"7":{"start":{"line":30,"column":27},"end":{"line":34,"column":1}},"8":{"start":{"line":32,"column":30},"end":{"line":32,"column":46}},"9":{"start":{"line":33,"column":24},"end":{"line":33,"column":41}},"10":{"start":{"line":36,"column":26},"end":{"line":39,"column":1}},"11":{"start":{"line":41,"column":31},"end":{"line":45,"column":1}},"12":{"start":{"line":43,"column":30},"end":{"line":43,"column":46}},"13":{"start":{"line":44,"column":24},"end":{"line":44,"column":41}}},"fnMap":{"0":{"name":"(anonymous_0)","decl":{"start":{"line":11,"column":20},"end":{"line":11,"column":21}},"loc":{"start":{"line":11,"column":35},"end":{"line":11,"column":72}},"line":11},"1":{"name":"(anonymous_1)","decl":{"start":{"line":26,"column":15},"end":{"line":26,"column":16}},"loc":{"start":{"line":26,"column":30},"end":{"line":26,"column":46}},"line":26},"2":{"name":"(anonymous_2)","decl":{"start":{"line":27,"column":9},"end":{"line":27,"column":10}},"loc":{"start":{"line":27,"column":24},"end":{"line":27,"column":41}},"line":27},"3":{"name":"(anonymous_3)","decl":{"start":{"line":32,"column":15},"end":{"line":32,"column":16}},"loc":{"start":{"line":32,"column":30},"end":{"line":32,"column":46}},"line":32},"4":{"name":"(anonymous_4)","decl":{"start":{"line":33,"column":9},"end":{"line":33,"column":10}},"loc":{"start":{"line":33,"column":24},"end":{"line":33,"column":41}},"line":33},"5":{"name":"(anonymous_5)","decl":{"start":{"line":43,"column":15},"end":{"line":43,"column":16}},"loc":{"start":{"line":43,"column":30},"end":{"line":43,"column":46}},"line":43},"6":{"name":"(anonymous_6)","decl":{"start":{"line":44,"column":9},"end":{"line":44,"column":10}},"loc":{"start":{"line":44,"column":24},"end":{"line":44,"column":41}},"line":44}},"branchMap":{},"s":{"0":1,"1":1,"2":1,"3":1,"4":1,"5":1,"6":1,"7":1,"8":1,"9":1,"10":1,"11":1,"12":1,"13":1},"f":{"0":1,"1":1,"2":1,"3":1,"4":1,"5":1,"6":1},"b":{},"_coverageSchema":"1a1c01bbd47fc00a2c39e90264f33305004495a9","hash":"7341d605268d3716f194ede1a74602abb0c62397"}
,"C:\\Users\\Norton\\Desktop\\Projetos\\MARVEL\\src\\components\\comicItem\\index.tsx": {"path":"C:\\Users\\Norton\\Desktop\\Projetos\\MARVEL\\src\\components\\comicItem\\index.tsx","statementMap":{"0":{"start":{"line":11,"column":1},"end":{"line":18,"column":3}}},"fnMap":{"0":{"name":"ComicItem","decl":{"start":{"line":9,"column":16},"end":{"line":9,"column":25}},"loc":{"start":{"line":9,"column":44},"end":{"line":19,"column":1}},"line":9}},"branchMap":{},"s":{"0":1},"f":{"0":1},"b":{},"_coverageSchema":"1a1c01bbd47fc00a2c39e90264f33305004495a9","hash":"5a8fbc9a7bc8b10330afb2e6aa6fb5ba78594f08"}
,"C:\\Users\\Norton\\Desktop\\Projetos\\MARVEL\\src\\components\\comicItem\\styles.ts": {"path":"C:\\Users\\Norton\\Desktop\\Projetos\\MARVEL\\src\\components\\comicItem\\styles.ts","statementMap":{"0":{"start":{"line":4,"column":25},"end":{"line":12,"column":1}},"1":{"start":{"line":11,"column":35},"end":{"line":11,"column":72}},"2":{"start":{"line":14,"column":25},"end":{"line":17,"column":1}},"3":{"start":{"line":19,"column":23},"end":{"line":23,"column":1}},"4":{"start":{"line":25,"column":21},"end":{"line":29,"column":1}},"5":{"start":{"line":27,"column":30},"end":{"line":27,"column":46}},"6":{"start":{"line":28,"column":24},"end":{"line":28,"column":41}}},"fnMap":{"0":{"name":"(anonymous_0)","decl":{"start":{"line":11,"column":20},"end":{"line":11,"column":21}},"loc":{"start":{"line":11,"column":35},"end":{"line":11,"column":72}},"line":11},"1":{"name":"(anonymous_1)","decl":{"start":{"line":27,"column":15},"end":{"line":27,"column":16}},"loc":{"start":{"line":27,"column":30},"end":{"line":27,"column":46}},"line":27},"2":{"name":"(anonymous_2)","decl":{"start":{"line":28,"column":9},"end":{"line":28,"column":10}},"loc":{"start":{"line":28,"column":24},"end":{"line":28,"column":41}},"line":28}},"branchMap":{},"s":{"0":1,"1":1,"2":1,"3":1,"4":1,"5":1,"6":1},"f":{"0":1,"1":1,"2":1},"b":{},"_coverageSchema":"1a1c01bbd47fc00a2c39e90264f33305004495a9","hash":"424f5f6341536d52eb04aa74662f953e20030a82"}
,"C:\\Users\\Norton\\Desktop\\Projetos\\MARVEL\\src\\components\\homeHeader\\index.tsx": {"path":"C:\\Users\\Norton\\Desktop\\Projetos\\MARVEL\\src\\components\\homeHeader\\index.tsx","statementMap":{"0":{"start":{"line":15,"column":15},"end":{"line":15,"column":25}},"1":{"start":{"line":16,"column":20},"end":{"line":16,"column":35}},"2":{"start":{"line":19,"column":2},"end":{"line":19,"column":42}},"3":{"start":{"line":22,"column":1},"end":{"line":32,"column":3}}},"fnMap":{"0":{"name":"HomeHeader","decl":{"start":{"line":13,"column":16},"end":{"line":13,"column":26}},"loc":{"start":{"line":13,"column":53},"end":{"line":33,"column":1}},"line":13},"1":{"name":"handleSearchPress","decl":{"start":{"line":18,"column":10},"end":{"line":18,"column":27}},"loc":{"start":{"line":18,"column":30},"end":{"line":20,"column":2}},"line":18}},"branchMap":{"0":{"loc":{"start":{"line":26,"column":4},"end":{"line":29,"column":23}},"type":"binary-expr","locations":[{"start":{"line":26,"column":4},"end":{"line":26,"column":17}},{"start":{"line":27,"column":4},"end":{"line":29,"column":23}}],"line":26}},"s":{"0":1,"1":1,"2":0,"3":1},"f":{"0":1,"1":0},"b":{"0":[1,1]},"_coverageSchema":"1a1c01bbd47fc00a2c39e90264f33305004495a9","hash":"9850478b18ed66be851e8a34484be3fc40ffad02"}
,"C:\\Users\\Norton\\Desktop\\Projetos\\MARVEL\\src\\components\\homeHeader\\styles.ts": {"path":"C:\\Users\\Norton\\Desktop\\Projetos\\MARVEL\\src\\components\\homeHeader\\styles.ts","statementMap":{"0":{"start":{"line":4,"column":25},"end":{"line":9,"column":1}},"1":{"start":{"line":11,"column":21},"end":{"line":15,"column":1}},"2":{"start":{"line":12,"column":27},"end":{"line":12,"column":44}},"3":{"start":{"line":13,"column":34},"end":{"line":13,"column":50}}},"fnMap":{"0":{"name":"(anonymous_0)","decl":{"start":{"line":12,"column":12},"end":{"line":12,"column":13}},"loc":{"start":{"line":12,"column":27},"end":{"line":12,"column":44}},"line":12},"1":{"name":"(anonymous_1)","decl":{"start":{"line":13,"column":19},"end":{"line":13,"column":20}},"loc":{"start":{"line":13,"column":34},"end":{"line":13,"column":50}},"line":13}},"branchMap":{},"s":{"0":1,"1":1,"2":1,"3":1},"f":{"0":1,"1":1},"b":{},"_coverageSchema":"1a1c01bbd47fc00a2c39e90264f33305004495a9","hash":"77a41db06cebe8f3a0385b37563ae21b24a3037d"}
,"C:\\Users\\Norton\\Desktop\\Projetos\\MARVEL\\src\\components\\searchBar\\index.tsx": {"path":"C:\\Users\\Norton\\Desktop\\Projetos\\MARVEL\\src\\components\\searchBar\\index.tsx","statementMap":{"0":{"start":{"line":14,"column":15},"end":{"line":14,"column":25}},"1":{"start":{"line":16,"column":27},"end":{"line":16,"column":39}},"2":{"start":{"line":18,"column":1},"end":{"line":18,"column":52}},"3":{"start":{"line":18,"column":19},"end":{"line":18,"column":39}},"4":{"start":{"line":21,"column":2},"end":{"line":21,"column":15}},"5":{"start":{"line":24,"column":1},"end":{"line":35,"column":3}}},"fnMap":{"0":{"name":"SearchBar","decl":{"start":{"line":12,"column":16},"end":{"line":12,"column":25}},"loc":{"start":{"line":12,"column":51},"end":{"line":36,"column":1}},"line":12},"1":{"name":"(anonymous_1)","decl":{"start":{"line":18,"column":11},"end":{"line":18,"column":12}},"loc":{"start":{"line":18,"column":17},"end":{"line":18,"column":41}},"line":18},"2":{"name":"handleClearButtonPress","decl":{"start":{"line":20,"column":10},"end":{"line":20,"column":32}},"loc":{"start":{"line":20,"column":35},"end":{"line":22,"column":2}},"line":20}},"branchMap":{"0":{"loc":{"start":{"line":29,"column":4},"end":{"line":32,"column":18}},"type":"binary-expr","locations":[{"start":{"line":29,"column":4},"end":{"line":29,"column":11}},{"start":{"line":30,"column":4},"end":{"line":32,"column":18}}],"line":29}},"s":{"0":6,"1":6,"2":6,"3":6,"4":1,"5":6},"f":{"0":6,"1":6,"2":1},"b":{"0":[6,2]},"_coverageSchema":"1a1c01bbd47fc00a2c39e90264f33305004495a9","hash":"d0b54f1eb1430fa12d26ba825a732d8df364df39"}
,"C:\\Users\\Norton\\Desktop\\Projetos\\MARVEL\\src\\components\\searchBar\\styles.ts": {"path":"C:\\Users\\Norton\\Desktop\\Projetos\\MARVEL\\src\\components\\searchBar\\styles.ts","statementMap":{"0":{"start":{"line":5,"column":25},"end":{"line":12,"column":1}},"1":{"start":{"line":10,"column":39},"end":{"line":10,"column":76}},"2":{"start":{"line":14,"column":21},"end":{"line":20,"column":1}},"3":{"start":{"line":17,"column":27},"end":{"line":17,"column":44}},"4":{"start":{"line":18,"column":34},"end":{"line":18,"column":50}},"5":{"start":{"line":22,"column":27},"end":{"line":25,"column":1}}},"fnMap":{"0":{"name":"(anonymous_0)","decl":{"start":{"line":10,"column":24},"end":{"line":10,"column":25}},"loc":{"start":{"line":10,"column":39},"end":{"line":10,"column":76}},"line":10},"1":{"name":"(anonymous_1)","decl":{"start":{"line":17,"column":12},"end":{"line":17,"column":13}},"loc":{"start":{"line":17,"column":27},"end":{"line":17,"column":44}},"line":17},"2":{"name":"(anonymous_2)","decl":{"start":{"line":18,"column":19},"end":{"line":18,"column":20}},"loc":{"start":{"line":18,"column":34},"end":{"line":18,"column":50}},"line":18}},"branchMap":{},"s":{"0":1,"1":6,"2":1,"3":6,"4":6,"5":1},"f":{"0":6,"1":6,"2":6},"b":{},"_coverageSchema":"1a1c01bbd47fc00a2c39e90264f33305004495a9","hash":"1ebbd533881ee33e93bea29fe1c0dce0b2be0405"}
,"C:\\Users\\Norton\\Desktop\\Projetos\\MARVEL\\src\\tests\\index.tsx": {"path":"C:\\Users\\Norton\\Desktop\\Projetos\\MARVEL\\src\\tests\\index.tsx","statementMap":{},"fnMap":{},"branchMap":{},"s":{},"f":{},"b":{},"_coverageSchema":"1a1c01bbd47fc00a2c39e90264f33305004495a9","hash":"6ef1912cfd6c29d372f5545af3ac43c05e2a7aab"}
,"C:\\Users\\Norton\\Desktop\\Projetos\\MARVEL\\src\\tests\\mocks.ts": {"path":"C:\\Users\\Norton\\Desktop\\Projetos\\MARVEL\\src\\tests\\mocks.ts","statementMap":{"0":{"start":{"line":5,"column":38},"end":{"line":5,"column":40}},"1":{"start":{"line":7,"column":1},"end":{"line":20,"column":2}},"2":{"start":{"line":7,"column":18},"end":{"line":7,"column":19}},"3":{"start":{"line":8,"column":2},"end":{"line":18,"column":5}},"4":{"start":{"line":22,"column":1},"end":{"line":22,"column":19}}},"fnMap":{"0":{"name":"mockCharacters","decl":{"start":{"line":3,"column":16},"end":{"line":3,"column":30}},"loc":{"start":{"line":3,"column":51},"end":{"line":23,"column":1}},"line":3}},"branchMap":{},"s":{"0":1,"1":1,"2":1,"3":10,"4":1},"f":{"0":1},"b":{},"_coverageSchema":"1a1c01bbd47fc00a2c39e90264f33305004495a9","hash":"70fb2ac26761f94685553c8bd2f532ed63443bae"}
,"C:\\Users\\Norton\\Desktop\\Projetos\\MARVEL\\src\\tests\\renderers.tsx": {"path":"C:\\Users\\Norton\\Desktop\\Projetos\\MARVEL\\src\\tests\\renderers.tsx","statementMap":{"0":{"start":{"line":6,"column":0},"end":{"line":6,"column":66}},"1":{"start":{"line":8,"column":30},"end":{"line":8,"column":58}},"2":{"start":{"line":11,"column":1},"end":{"line":15,"column":3}},"3":{"start":{"line":20,"column":1},"end":{"line":26,"column":3}}},"fnMap":{"0":{"name":"RenderWithTheme","decl":{"start":{"line":10,"column":16},"end":{"line":10,"column":31}},"loc":{"start":{"line":10,"column":46},"end":{"line":16,"column":1}},"line":10},"1":{"name":"RenderWithNavigation","decl":{"start":{"line":18,"column":16},"end":{"line":18,"column":36}},"loc":{"start":{"line":18,"column":65},"end":{"line":27,"column":1}},"line":18}},"branchMap":{"0":{"loc":{"start":{"line":18,"column":50},"end":{"line":18,"column":61}},"type":"default-arg","locations":[{"start":{"line":18,"column":59},"end":{"line":18,"column":61}}],"line":18}},"s":{"0":4,"1":4,"2":6,"3":2},"f":{"0":6,"1":2},"b":{"0":[2]},"_coverageSchema":"1a1c01bbd47fc00a2c39e90264f33305004495a9","hash":"b6bbace676e4038c43de6a8cd918964ee3fda08c"}
,"C:\\Users\\Norton\\Desktop\\Projetos\\MARVEL\\src\\theme\\index.ts": {"path":"C:\\Users\\Norton\\Desktop\\Projetos\\MARVEL\\src\\theme\\index.ts","statementMap":{"0":{"start":{"line":20,"column":0},"end":{"line":36,"column":1}}},"fnMap":{},"branchMap":{},"s":{"0":4},"f":{},"b":{},"_coverageSchema":"1a1c01bbd47fc00a2c39e90264f33305004495a9","hash":"64626b5bc5c728fe95b26b2e6dc20c38c24ab8d3"}
}
