TN:
SF:snapshotResolver.js
FN:13,(anonymous_0)
FN:18,(anonymous_1)
FNF:2
FNH:2
FNDA:8,(anonymous_0)
FNDA:4,(anonymous_1)
DA:5,4
DA:7,4
DA:9,4
DA:14,8
DA:19,4
LF:5
LH:5
BRF:0
BRH:0
end_of_record
TN:
SF:src\components\characterItem\index.tsx
FN:12,CharacterItem
FN:17,handleInfoButtonPress
FNF:2
FNH:1
FNDA:1,CharacterItem
FNDA:0,handleInfoButtonPress
DA:14,1
DA:15,1
DA:18,0
DA:21,1
LF:4
LH:3
BRF:0
BRH:0
end_of_record
TN:
SF:src\components\characterItem\styles.ts
FN:11,(anonymous_0)
FN:26,(anonymous_1)
FN:27,(anonymous_2)
FN:32,(anonymous_3)
FN:33,(anonymous_4)
FN:43,(anonymous_5)
FN:44,(anonymous_6)
FNF:7
FNH:7
FNDA:1,(anonymous_0)
FNDA:1,(anonymous_1)
FNDA:1,(anonymous_2)
FNDA:1,(anonymous_3)
FNDA:1,(anonymous_4)
FNDA:1,(anonymous_5)
FNDA:1,(anonymous_6)
DA:4,1
DA:11,1
DA:14,1
DA:19,1
DA:25,1
DA:26,1
DA:27,1
DA:30,1
DA:32,1
DA:33,1
DA:36,1
DA:41,1
DA:43,1
DA:44,1
LF:14
LH:14
BRF:0
BRH:0
end_of_record
TN:
SF:src\components\comicItem\index.tsx
FN:9,ComicItem
FNF:1
FNH:1
FNDA:1,ComicItem
DA:11,1
LF:1
LH:1
BRF:0
BRH:0
end_of_record
TN:
SF:src\components\comicItem\styles.ts
FN:11,(anonymous_0)
FN:27,(anonymous_1)
FN:28,(anonymous_2)
FNF:3
FNH:3
FNDA:1,(anonymous_0)
FNDA:1,(anonymous_1)
FNDA:1,(anonymous_2)
DA:4,1
DA:11,1
DA:14,1
DA:19,1
DA:25,1
DA:27,1
DA:28,1
LF:7
LH:7
BRF:0
BRH:0
end_of_record
TN:
SF:src\components\homeHeader\index.tsx
FN:13,HomeHeader
FN:18,handleSearchPress
FNF:2
FNH:1
FNDA:1,HomeHeader
FNDA:0,handleSearchPress
DA:15,1
DA:16,1
DA:19,0
DA:22,1
LF:4
LH:3
BRDA:26,0,0,1
BRDA:26,0,1,1
BRF:2
BRH:2
end_of_record
TN:
SF:src\components\homeHeader\styles.ts
FN:12,(anonymous_0)
FN:13,(anonymous_1)
FNF:2
FNH:2
FNDA:1,(anonymous_0)
FNDA:1,(anonymous_1)
DA:4,1
DA:11,1
DA:12,1
DA:13,1
LF:4
LH:4
BRF:0
BRH:0
end_of_record
TN:
SF:src\components\searchBar\index.tsx
FN:12,SearchBar
FN:18,(anonymous_1)
FN:20,handleClearButtonPress
FNF:3
FNH:3
FNDA:6,SearchBar
FNDA:6,(anonymous_1)
FNDA:1,handleClearButtonPress
DA:14,6
DA:16,6
DA:18,6
DA:21,1
DA:24,6
LF:5
LH:5
BRDA:29,0,0,6
BRDA:29,0,1,2
BRF:2
BRH:2
end_of_record
TN:
SF:src\components\searchBar\styles.ts
FN:10,(anonymous_0)
FN:17,(anonymous_1)
FN:18,(anonymous_2)
FNF:3
FNH:3
FNDA:6,(anonymous_0)
FNDA:6,(anonymous_1)
FNDA:6,(anonymous_2)
DA:5,1
DA:10,6
DA:14,1
DA:17,6
DA:18,6
DA:22,1
LF:6
LH:6
BRF:0
BRH:0
end_of_record
TN:
SF:src\tests\index.tsx
FNF:0
FNH:0
LF:0
LH:0
BRF:0
BRH:0
end_of_record
TN:
SF:src\tests\mocks.ts
FN:3,mockCharacters
FNF:1
FNH:1
FNDA:1,mockCharacters
DA:5,1
DA:7,1
DA:8,10
DA:22,1
LF:4
LH:4
BRF:0
BRH:0
end_of_record
TN:
SF:src\tests\renderers.tsx
FN:10,RenderWithTheme
FN:18,RenderWithNavigation
FNF:2
FNH:2
FNDA:6,RenderWithTheme
FNDA:2,RenderWithNavigation
DA:6,4
DA:8,4
DA:11,6
DA:20,2
LF:4
LH:4
BRDA:18,0,0,2
BRF:1
BRH:1
end_of_record
TN:
SF:src\theme\index.ts
FNF:0
FNH:0
DA:20,4
LF:1
LH:1
BRF:0
BRH:0
end_of_record
